<?xml version="1.0" encoding="UTF-8"?>
<testng-results ignored="0" total="1" passed="1" failed="0" skipped="0">
  <reporter-output>
  </reporter-output>
  <suite started-at="2022-02-16T17:09:32 IST" name="Default suite" finished-at="2022-02-16T17:09:42 IST" duration-ms="10768">
    <groups>
    </groups>
    <test started-at="2022-02-16T17:09:32 IST" name="Default test" finished-at="2022-02-16T17:09:42 IST" duration-ms="10768">
      <class name="com.qa.opencart.tests.RegisterPageTest">
        <test-method is-config="true" signature="setUp()[pri:0, instance:com.qa.opencart.tests.RegisterPageTest@16610890]" started-at="2022-02-16T17:09:32 IST" name="setUp" finished-at="2022-02-16T17:09:36 IST" duration-ms="4197" status="PASS">
          <reporter-output>
          </reporter-output>
        </test-method> <!-- setUp -->
        <test-method is-config="true" signature="registerSetUp()[pri:0, instance:com.qa.opencart.tests.RegisterPageTest@16610890]" started-at="2022-02-16T17:09:36 IST" name="registerSetUp" finished-at="2022-02-16T17:09:37 IST" duration-ms="1569" status="PASS">
          <reporter-output>
          </reporter-output>
        </test-method> <!-- registerSetUp -->
        <test-method signature="userRegitrationTest()[pri:0, instance:com.qa.opencart.tests.RegisterPageTest@16610890]" started-at="2022-02-16T17:09:37 IST" name="userRegitrationTest" finished-at="2022-02-16T17:09:41 IST" duration-ms="3844" status="PASS">
          <reporter-output>
          </reporter-output>
        </test-method> <!-- userRegitrationTest -->
        <test-method is-config="true" signature="tearDown()[pri:0, instance:com.qa.opencart.tests.RegisterPageTest@16610890]" started-at="2022-02-16T17:09:41 IST" name="tearDown" finished-at="2022-02-16T17:09:42 IST" duration-ms="1133" status="PASS">
          <reporter-output>
          </reporter-output>
        </test-method> <!-- tearDown -->
      </class> <!-- com.qa.opencart.tests.RegisterPageTest -->
    </test> <!-- Default test -->
  </suite> <!-- Default suite -->
</testng-results>
